SF:lib\shared\presentation\buttons\glyph_button.dart
DA:11,5
DA:20,4
DA:26,4
DA:35,1
DA:41,1
DA:50,5
DA:53,5
DA:54,5
DA:55,1
DA:57,1
DA:58,2
DA:59,1
DA:61,5
DA:62,4
DA:64,4
DA:65,8
DA:66,4
DA:68,1
DA:69,1
DA:71,1
DA:72,2
DA:73,1
DA:77,5
DA:78,5
LF:24
LH:24
end_of_record
SF:lib\shared\presentation\buttons\loading_button.dart
DA:9,1
DA:11,1
DA:12,1
DA:14,1
DA:15,1
DA:17,1
DA:19,1
DA:20,1
DA:21,0
DA:22,1
DA:23,0
DA:24,1
DA:26,1
DA:28,3
DA:31,2
DA:34,1
DA:35,0
DA:36,1
DA:37,0
DA:38,1
DA:40,1
DA:42,3
DA:45,2
LF:23
LH:19
end_of_record
SF:lib\features\auth\application\use_cases\create_account.dart
DA:6,1
DA:8,1
DA:9,2
LF:3
LH:3
end_of_record
SF:lib\features\auth\application\use_cases\sign_in.dart
DA:6,1
DA:8,1
DA:9,2
LF:3
LH:3
end_of_record
SF:lib\features\auth\domain\entities\opm_user.dart
DA:7,2
DA:9,4
DA:11,0
DA:12,0
LF:4
LH:2
end_of_record
SF:lib\features\auth\infrastructure\auth_provider.dart
DA:4,6
DA:5,0
LF:2
LH:1
end_of_record
SF:lib\features\auth\presentation\pages\create_account_page.dart
DA:17,9
DA:19,2
DA:20,2
DA:27,2
DA:29,2
DA:30,2
DA:31,2
DA:32,2
DA:33,2
DA:34,2
DA:35,2
DA:36,2
DA:37,2
DA:40,2
DA:41,2
DA:43,6
DA:46,2
DA:49,6
DA:52,2
DA:54,2
DA:55,1
DA:57,1
DA:58,1
DA:59,2
DA:60,1
DA:62,1
DA:67,2
DA:69,1
DA:71,5
DA:73,1
DA:77,2
DA:78,2
DA:79,2
DA:80,0
DA:81,2
DA:84,2
DA:87,2
DA:88,2
DA:89,2
DA:91,1
DA:92,1
DA:94,1
DA:95,1
DA:110,1
DA:111,3
DA:113,3
DA:114,1
DA:116,2
DA:117,1
DA:120,3
DA:121,1
DA:124,2
DA:126,1
DA:127,2
DA:128,1
DA:129,1
DA:130,2
DA:134,0
DA:135,0
DA:138,1
DA:139,2
DA:140,1
LF:62
LH:59
end_of_record
SF:lib\shared\presentation\responsive_app_frame.dart
DA:15,2
DA:24,2
DA:31,2
DA:32,2
DA:38,2
DA:40,2
DA:41,2
DA:42,8
DA:44,6
DA:45,2
DA:47,6
DA:48,6
DA:49,2
DA:50,6
DA:51,4
DA:55,2
DA:56,2
DA:57,4
DA:58,2
DA:59,2
DA:61,2
DA:62,10
DA:68,4
DA:69,0
DA:71,0
DA:72,4
LF:26
LH:24
end_of_record
SF:lib\shared\presentation\buttons\primary_button.dart
DA:10,3
DA:18,3
DA:20,3
DA:21,0
DA:22,3
DA:23,3
DA:24,9
DA:25,6
LF:8
LH:7
end_of_record
SF:lib\shared\presentation\buttons\secondary_button.dart
DA:11,3
DA:20,3
DA:22,3
DA:23,0
DA:24,3
DA:25,3
DA:26,5
DA:27,3
DA:28,6
LF:9
LH:8
end_of_record
SF:lib\shared\presentation\inputs\email_form_field.dart
DA:6,3
DA:8,3
DA:10,3
DA:18,3
DA:19,3
DA:21,3
DA:22,3
LF:7
LH:7
end_of_record
SF:lib\shared\presentation\inputs\password_form_field.dart
DA:10,3
DA:12,3
DA:13,3
DA:19,3
DA:21,3
DA:22,6
DA:23,9
DA:24,3
DA:29,3
DA:32,3
DA:33,3
DA:34,1
DA:35,4
DA:40,3
DA:41,3
DA:43,6
DA:44,3
LF:17
LH:17
end_of_record
SF:lib\shared\utils\toast_service.dart
DA:5,3
DA:6,6
DA:7,3
DA:9,6
LF:4
LH:4
end_of_record
SF:lib\features\auth\presentation\pages\sign_in_page.dart
DA:20,9
DA:22,2
DA:23,2
DA:30,2
DA:32,2
DA:33,2
DA:34,2
DA:35,2
DA:37,2
DA:38,2
DA:39,2
DA:40,2
DA:43,2
DA:44,2
DA:46,6
DA:49,2
DA:52,6
DA:55,2
DA:57,2
DA:59,2
DA:60,2
DA:61,0
DA:62,2
DA:65,2
DA:69,2
DA:70,2
DA:72,1
DA:73,1
DA:75,1
DA:76,1
DA:91,1
DA:92,3
DA:94,2
DA:95,1
DA:98,3
DA:99,3
DA:100,1
DA:103,3
DA:105,3
DA:106,2
DA:108,1
DA:109,5
DA:111,1
DA:112,2
DA:113,1
DA:114,1
DA:115,2
DA:119,1
DA:120,3
DA:123,1
DA:124,2
DA:125,1
LF:52
LH:51
end_of_record
SF:lib\features\password\presentation\pages\password_list_page.dart
DA:15,8
DA:17,1
DA:18,1
DA:22,1
DA:24,3
DA:25,3
DA:27,1
DA:28,1
DA:29,0
DA:30,0
DA:31,0
DA:32,0
DA:33,0
DA:40,0
DA:42,0
DA:43,0
DA:44,0
DA:45,0
DA:46,0
DA:48,0
DA:50,0
DA:52,0
DA:53,0
DA:55,0
DA:57,0
DA:58,0
DA:59,0
DA:60,0
DA:61,0
DA:62,0
DA:63,0
DA:64,0
DA:70,0
LF:33
LH:8
end_of_record
SF:lib\shared\application\providers\opm_user_provider.dart
DA:4,6
DA:9,2
DA:11,2
DA:14,1
DA:15,1
LF:5
LH:5
end_of_record
SF:lib\shared\infrastructure\providers\cryptography_repository_provider.dart
DA:4,3
DA:5,0
LF:2
LH:1
end_of_record
SF:lib\features\password\application\providers\all_password_entries_provider.dart
DA:9,2
DA:10,1
DA:15,1
DA:17,2
DA:19,3
DA:20,0
DA:22,0
LF:7
LH:5
end_of_record
SF:lib\features\password\application\use_cases\get_all_password_entries.dart
DA:7,0
DA:9,0
DA:10,0
LF:3
LH:0
end_of_record
SF:lib\features\password\domain\entities\password_entry.dart
DA:11,0
DA:22,0
DA:23,0
DA:26,0
DA:27,0
DA:34,0
DA:44,0
DA:45,0
DA:46,0
DA:47,0
DA:48,0
DA:49,0
DA:50,0
DA:51,0
DA:52,0
DA:56,0
DA:57,0
DA:58,0
DA:59,0
DA:60,0
DA:62,0
DA:63,0
DA:64,0
DA:65,0
DA:66,0
DA:67,0
DA:68,0
DA:69,0
DA:71,0
DA:72,0
DA:74,0
DA:75,0
DA:77,0
DA:78,0
DA:83,0
DA:84,0
DA:85,0
DA:86,0
DA:87,0
DA:88,0
DA:89,0
DA:90,0
DA:91,0
DA:92,0
DA:96,0
DA:99,0
DA:100,0
DA:101,0
DA:102,0
DA:103,0
DA:104,0
DA:105,0
DA:106,0
DA:107,0
DA:108,0
DA:109,0
DA:111,0
DA:113,0
DA:114,0
DA:115,0
DA:116,0
DA:117,0
DA:118,0
DA:119,0
DA:120,0
DA:124,0
DA:127,0
DA:128,0
DA:129,0
DA:130,0
DA:131,0
DA:132,0
DA:133,0
DA:134,0
DA:135,0
DA:140,0
DA:143,0
DA:144,0
DA:145,0
DA:146,0
DA:147,0
DA:148,0
DA:149,0
DA:150,0
DA:151,0
LF:85
LH:0
end_of_record
SF:lib\features\password\infrastructure\providers\password_provider.dart
DA:4,3
DA:5,2
LF:2
LH:2
end_of_record
SF:lib\features\password\application\providers\has_changes_provider.dart
DA:3,0
DA:8,0
DA:13,0
DA:14,0
LF:4
LH:0
end_of_record
SF:lib\features\password\application\providers\password_entry_edit_mode_provider.dart
DA:4,0
DA:5,0
DA:8,0
DA:13,0
DA:14,0
LF:5
LH:0
end_of_record
SF:lib\features\password\application\providers\password_filter_query_provider.dart
DA:4,2
DA:5,1
DA:10,1
DA:15,0
DA:16,0
LF:5
LH:3
end_of_record
SF:lib\features\password\application\providers\selected_password_entry_provider.dart
DA:5,0
DA:6,0
DA:11,0
DA:16,0
DA:17,0
LF:5
LH:0
end_of_record
SF:lib\features\password\application\use_cases\add_password_entry.dart
DA:7,0
DA:9,0
DA:10,0
LF:3
LH:0
end_of_record
SF:lib\features\password\application\use_cases\delete_password_entry.dart
DA:6,0
DA:8,0
DA:9,0
LF:3
LH:0
end_of_record
SF:lib\features\password\application\use_cases\edit_password_entry.dart
DA:7,0
DA:9,0
DA:10,0
LF:3
LH:0
end_of_record
SF:lib\features\password\presentation\pages\add_edit_password_entry_page.dart
DA:12,0
DA:14,0
DA:16,0
DA:18,0
DA:20,0
DA:22,0
DA:23,0
DA:24,0
DA:26,0
DA:27,0
DA:28,0
DA:35,0
DA:36,0
DA:38,0
DA:39,0
DA:43,0
DA:44,0
LF:17
LH:0
end_of_record
SF:lib\features\password\presentation\widgets\add_edit_form.dart
DA:21,0
DA:28,0
DA:29,0
DA:41,0
DA:43,0
DA:44,0
DA:45,0
DA:46,0
DA:47,0
DA:49,0
DA:50,0
DA:52,0
DA:53,0
DA:56,0
DA:57,0
DA:59,0
DA:60,0
DA:62,0
DA:63,0
DA:65,0
DA:66,0
DA:68,0
DA:69,0
DA:72,0
DA:73,0
DA:77,0
DA:79,0
DA:80,0
DA:81,0
DA:82,0
DA:83,0
DA:84,0
DA:87,0
DA:89,0
DA:90,0
DA:91,0
DA:92,0
DA:94,0
DA:95,0
DA:96,0
DA:97,0
DA:100,0
DA:102,0
DA:103,0
DA:104,0
DA:110,0
DA:111,0
DA:112,0
DA:117,0
DA:118,0
DA:122,0
DA:123,0
DA:125,0
DA:126,0
DA:130,0
DA:131,0
DA:138,0
DA:139,0
DA:146,0
DA:149,0
DA:150,0
DA:151,0
DA:152,0
DA:153,0
DA:162,0
DA:163,0
DA:166,0
DA:167,0
DA:169,0
DA:170,0
DA:171,0
DA:172,0
DA:173,0
DA:175,0
DA:176,0
DA:177,0
DA:178,0
DA:179,0
DA:183,0
DA:184,0
DA:185,0
DA:186,0
DA:187,0
DA:188,0
DA:189,0
DA:190,0
DA:191,0
DA:192,0
DA:193,0
DA:194,0
DA:195,0
DA:196,0
DA:197,0
DA:198,0
DA:199,0
DA:200,0
DA:201,0
DA:202,0
DA:205,0
DA:208,0
DA:209,0
DA:210,0
DA:212,0
DA:213,0
DA:217,0
DA:218,0
DA:219,0
DA:221,0
DA:223,0
DA:224,0
DA:225,0
DA:226,0
LF:112
LH:0
end_of_record
SF:lib\shared\utils\dialog_service.dart
DA:10,0
DA:11,0
DA:13,0
DA:18,0
DA:19,0
DA:20,0
DA:23,0
DA:24,0
DA:35,0
DA:36,0
DA:38,0
DA:43,0
DA:44,0
DA:45,0
DA:48,0
DA:49,0
LF:16
LH:0
end_of_record
SF:lib\features\password\presentation\pages\password_entry_detail_page.dart
DA:10,0
DA:12,0
DA:14,0
DA:15,0
DA:16,0
DA:18,0
LF:6
LH:0
end_of_record
SF:lib\features\password\presentation\widgets\password_entry_details.dart
DA:12,0
DA:14,0
DA:16,0
DA:17,0
DA:18,0
DA:20,0
DA:21,0
DA:23,0
DA:24,0
DA:25,0
DA:27,0
DA:30,0
DA:32,0
DA:36,0
DA:38,0
DA:40,0
DA:41,0
DA:44,0
DA:46,0
DA:49,0
LF:20
LH:0
end_of_record
SF:lib\features\password\presentation\widgets\desktop\password_list_desktop.dart
DA:24,0
DA:26,0
DA:28,0
DA:29,0
DA:31,0
DA:33,0
DA:34,0
DA:35,0
DA:36,0
DA:37,0
DA:38,0
DA:39,0
DA:40,0
DA:41,0
DA:42,0
DA:43,0
DA:45,0
DA:51,0
DA:52,0
DA:53,0
DA:54,0
DA:55,0
DA:62,0
DA:63,0
DA:64,0
DA:65,0
DA:67,0
DA:69,0
DA:70,0
DA:72,0
DA:73,0
DA:77,0
DA:78,0
DA:80,0
DA:81,0
DA:82,0
DA:87,0
DA:88,0
DA:89,0
DA:93,0
DA:98,0
DA:102,0
DA:111,0
DA:112,0
DA:114,0
DA:116,0
DA:119,0
DA:123,0
DA:124,0
DA:126,0
DA:128,0
DA:131,0
DA:132,0
DA:134,0
DA:137,0
DA:139,0
DA:140,0
DA:143,0
DA:144,0
DA:145,0
DA:146,0
DA:147,0
DA:148,0
DA:151,0
DA:152,0
DA:153,0
DA:155,0
DA:156,0
DA:159,0
DA:160,0
DA:162,0
DA:163,0
DA:164,0
DA:165,0
DA:167,0
DA:168,0
DA:169,0
LF:77
LH:0
end_of_record
SF:lib\features\password\presentation\widgets\empty_list.dart
DA:8,0
DA:10,0
DA:12,0
DA:15,0
DA:16,0
DA:17,0
DA:18,0
DA:21,0
LF:8
LH:0
end_of_record
SF:lib\features\password\presentation\widgets\mobile\password_list_mobile.dart
DA:11,0
DA:16,0
DA:18,0
DA:19,0
DA:20,0
DA:26,0
DA:28,0
DA:29,0
DA:30,0
DA:31,0
DA:32,0
DA:33,0
DA:34,0
DA:35,0
DA:36,0
DA:37,0
DA:38,0
DA:49,0
LF:18
LH:0
end_of_record
SF:lib\features\password\presentation\widgets\password_entry_actions.dart
DA:12,0
DA:20,0
DA:22,0
DA:24,0
DA:25,0
DA:26,0
DA:28,0
DA:31,0
DA:32,0
DA:34,0
DA:37,0
DA:38,0
DA:39,0
DA:41,0
LF:14
LH:0
end_of_record
SF:lib\features\password\presentation\widgets\password_list_actions.dart
DA:12,0
DA:19,0
DA:21,0
DA:23,0
DA:24,0
DA:27,0
DA:28,0
DA:31,0
DA:32,0
DA:34,0
DA:35,0
LF:11
LH:0
end_of_record
SF:lib\features\password\presentation\widgets\password_list_entry.dart
DA:41,0
DA:48,0
DA:52,0
DA:53,0
DA:54,0
DA:56,0
DA:57,0
DA:59,0
DA:60,0
DA:62,0
DA:63,0
DA:65,0
DA:66,0
DA:67,0
DA:68,0
DA:69,0
DA:74,0
DA:75,0
DA:76,0
DA:77,0
DA:79,0
DA:82,0
DA:84,0
DA:85,0
DA:86,0
DA:87,0
DA:88,0
DA:91,0
DA:97,0
DA:98,0
DA:101,0
DA:102,0
DA:106,0
DA:108,0
DA:110,0
DA:111,0
DA:115,0
DA:116,0
DA:118,0
DA:119,0
DA:121,0
DA:126,0
DA:132,0
DA:134,0
DA:136,0
DA:137,0
DA:138,0
DA:140,0
DA:141,0
DA:142,0
DA:143,0
DA:144,0
DA:145,0
DA:147,0
DA:151,0
DA:152,0
DA:157,0
DA:164,0
DA:165,0
DA:166,0
DA:167,0
DA:168,0
DA:169,0
DA:170,0
DA:171,0
DA:172,0
DA:173,0
DA:174,0
DA:175,0
DA:176,0
DA:177,0
DA:178,0
DA:179,0
DA:183,0
DA:189,0
DA:191,0
DA:192,0
DA:196,0
DA:197,0
DA:199,0
DA:202,0
DA:205,0
DA:206,0
DA:209,0
DA:214,0
DA:215,0
DA:216,0
DA:221,0
DA:225,0
DA:226,0
DA:228,0
DA:229,0
DA:232,0
DA:237,0
DA:238,0
DA:239,0
DA:241,0
DA:242,0
DA:243,0
DA:249,0
DA:253,0
DA:258,0
DA:260,0
DA:261,0
DA:262,0
DA:264,0
DA:265,0
DA:266,0
LF:108
LH:0
end_of_record
SF:lib\features\password\presentation\widgets\password_search_field.dart
DA:7,0
DA:9,0
DA:11,0
DA:17,0
DA:19,0
DA:20,0
DA:21,0
DA:22,0
DA:23,0
DA:24,0
DA:28,0
DA:30,0
DA:31,0
DA:34,0
DA:36,0
DA:38,0
DA:41,0
DA:42,0
DA:44,0
DA:47,0
DA:48,0
DA:50,0
LF:22
LH:0
end_of_record
SF:lib\shared\presentation\inputs\plain_text_form_field.dart
DA:17,1
DA:27,0
DA:34,0
DA:44,1
DA:45,1
DA:51,1
DA:53,1
DA:54,2
DA:55,2
DA:56,3
DA:57,3
DA:58,2
DA:59,2
DA:60,3
DA:61,3
DA:62,2
DA:64,1
DA:65,1
DA:66,3
DA:68,4
DA:70,1
DA:71,1
DA:72,2
DA:73,1
DA:76,1
DA:78,1
DA:79,1
DA:80,2
DA:81,3
DA:83,1
DA:84,4
DA:90,2
DA:91,1
DA:94,1
DA:95,1
DA:96,1
DA:97,2
DA:98,2
LF:38
LH:36
end_of_record
SF:lib\features\password\presentation\widgets\password_list_entry_popup.dart
DA:10,0
DA:16,0
DA:18,0
DA:19,0
DA:20,0
DA:21,0
DA:22,0
DA:24,0
DA:25,0
DA:26,0
DA:30,0
LF:11
LH:0
end_of_record
SF:lib\shared\infrastructure\providers\clipboard_repository_provider.dart
DA:4,3
DA:5,0
LF:2
LH:1
end_of_record
SF:lib\shared\application\providers\app_settings_provider.dart
DA:4,6
DA:9,2
DA:11,2
DA:14,2
DA:15,2
LF:5
LH:5
end_of_record
SF:lib\shared\domain\entities\app_settings.dart
DA:6,2
DA:8,4
DA:10,2
DA:11,2
DA:14,0
DA:15,0
LF:6
LH:4
end_of_record
