SF:lib\features\vault\domain\exceptions\import_exception.dart
DA:4,1
LF:1
LH:1
end_of_record
SF:lib\features\vault\infrastructure\repositories\import_repository_impl.dart
DA:11,1
DA:12,1
DA:17,1
DA:40,1
DA:42,1
DA:44,3
DA:46,1
DA:47,1
DA:49,2
DA:50,3
DA:52,1
DA:53,1
DA:54,1
DA:55,2
DA:56,1
DA:57,1
DA:58,1
DA:59,6
DA:60,1
DA:61,2
DA:62,2
DA:92,1
DA:94,1
DA:96,3
DA:98,1
DA:99,1
DA:101,2
DA:102,3
DA:104,1
DA:105,1
DA:106,1
DA:107,2
DA:108,1
DA:109,1
DA:110,1
DA:111,6
DA:112,1
DA:113,2
DA:114,2
DA:115,1
DA:136,1
DA:138,1
DA:140,3
DA:142,1
DA:143,1
DA:145,2
DA:146,3
DA:148,1
DA:149,1
DA:150,1
DA:151,2
DA:152,1
DA:153,1
DA:154,1
DA:155,6
DA:156,1
DA:157,2
DA:158,2
DA:183,1
DA:185,1
DA:187,3
DA:189,1
DA:190,1
DA:192,2
DA:193,3
DA:195,1
DA:196,1
DA:197,1
DA:198,2
DA:199,1
DA:200,1
DA:201,1
DA:202,3
DA:203,2
DA:204,1
DA:205,1
DA:206,2
DA:207,2
DA:208,1
DA:231,1
DA:233,1
DA:235,3
DA:237,1
DA:238,1
DA:240,2
DA:241,3
DA:243,1
DA:244,1
DA:245,1
DA:246,2
DA:247,1
DA:248,1
DA:249,1
DA:250,6
DA:251,1
DA:252,2
DA:253,2
DA:254,1
DA:277,1
DA:279,1
DA:281,3
DA:283,1
DA:284,1
DA:286,2
DA:287,3
DA:289,1
DA:290,1
DA:291,1
DA:292,2
DA:293,1
DA:294,1
DA:295,1
DA:296,3
DA:297,6
DA:298,0
DA:299,1
DA:300,1
DA:301,3
DA:302,0
DA:303,1
DA:304,3
DA:305,0
DA:306,1
DA:314,0
DA:316,0
DA:317,0
DA:319,0
DA:321,0
DA:322,0
DA:324,0
DA:325,0
DA:326,0
DA:327,0
DA:330,0
DA:332,0
DA:334,0
DA:337,0
DA:341,0
DA:343,0
DA:345,0
DA:348,0
DA:351,0
DA:352,0
DA:354,0
DA:355,0
DA:356,0
DA:357,0
DA:361,0
DA:362,0
DA:364,0
DA:365,0
DA:382,1
DA:384,1
DA:385,1
DA:387,1
DA:389,2
DA:390,1
DA:393,1
DA:394,1
DA:395,1
DA:396,1
DA:397,1
DA:398,1
DA:406,1
DA:407,1
DA:408,1
DA:409,1
DA:410,1
DA:411,3
DA:413,1
DA:417,1
DA:419,1
DA:420,1
DA:422,1
DA:424,2
DA:425,1
DA:428,1
DA:429,1
DA:430,1
DA:431,1
DA:432,1
DA:433,1
DA:441,1
DA:442,1
DA:443,1
DA:444,1
DA:445,1
DA:446,3
DA:448,1
DA:452,1
DA:454,1
DA:455,1
DA:457,1
DA:459,2
DA:460,1
DA:463,1
DA:464,1
DA:465,1
DA:466,1
DA:467,1
DA:468,1
DA:476,1
DA:477,1
DA:478,1
DA:479,1
DA:480,1
DA:481,3
DA:483,1
DA:487,1
DA:489,1
DA:490,1
DA:492,1
DA:494,2
DA:495,1
DA:498,1
DA:499,1
DA:500,1
DA:501,1
DA:502,1
DA:503,1
DA:511,1
DA:512,1
DA:513,1
DA:514,1
DA:515,1
DA:516,3
DA:518,1
DA:522,1
DA:524,1
DA:525,1
DA:527,1
DA:529,2
DA:530,1
DA:533,1
DA:534,1
DA:535,1
DA:536,1
DA:537,1
DA:538,1
DA:546,1
DA:547,1
DA:548,1
DA:549,1
DA:550,1
DA:551,3
DA:553,1
DA:557,1
DA:559,1
DA:560,1
DA:562,1
DA:564,2
DA:565,1
DA:568,1
DA:569,1
DA:570,1
DA:571,1
DA:572,1
DA:573,1
DA:574,1
DA:575,1
DA:585,1
DA:586,1
DA:587,1
DA:588,1
DA:589,1
DA:590,1
DA:591,1
DA:592,3
DA:594,1
DA:598,0
DA:600,0
DA:601,0
DA:606,0
DA:608,0
DA:611,0
DA:612,0
DA:616,0
DA:617,0
DA:619,0
DA:621,0
DA:622,0
DA:624,0
DA:625,0
DA:628,0
DA:629,0
DA:630,0
DA:633,0
DA:634,0
DA:635,0
DA:636,0
DA:641,0
DA:653,0
DA:654,0
DA:655,0
DA:656,0
DA:659,0
DA:660,0
DA:661,0
DA:662,0
DA:663,0
DA:665,0
DA:666,0
DA:670,0
DA:671,0
LF:304
LH:238
end_of_record
SF:lib\features\vault\domain\entities\vault_entry.dart
DA:14,15
DA:26,4
DA:27,4
DA:30,8
DA:31,8
DA:39,1
DA:50,1
DA:51,0
DA:52,0
DA:53,0
DA:54,1
DA:55,1
DA:56,1
DA:57,1
DA:58,1
DA:59,1
DA:63,0
DA:64,0
DA:65,0
DA:66,0
DA:67,0
DA:68,0
DA:69,0
DA:70,0
DA:71,0
DA:72,0
DA:73,0
DA:74,0
DA:75,0
DA:76,0
DA:78,0
DA:79,0
DA:83,0
DA:84,0
DA:85,0
DA:86,0
DA:87,0
DA:88,0
DA:89,0
DA:90,0
DA:91,0
DA:92,0
DA:93,0
DA:97,0
DA:98,0
DA:103,0
DA:104,0
DA:105,0
DA:106,0
DA:107,0
DA:108,0
DA:109,0
DA:110,0
DA:111,0
DA:112,0
DA:113,0
DA:118,0
DA:123,0
DA:124,0
DA:126,0
DA:134,0
DA:135,0
DA:136,0
DA:137,0
DA:138,0
DA:139,0
DA:140,0
DA:141,0
DA:142,0
DA:143,0
LF:70
LH:13
end_of_record
SF:lib\shared\utils\csv_helper.dart
DA:5,4
DA:6,4
DA:7,4
DA:8,4
DA:11,12
DA:12,4
DA:14,4
DA:15,12
DA:17,1
DA:18,1
DA:22,4
DA:23,4
DA:24,2
DA:25,8
DA:27,2
DA:28,0
DA:30,4
DA:31,2
DA:33,8
DA:34,4
DA:35,2
DA:37,4
DA:41,6
DA:42,8
DA:43,16
DA:44,8
DA:51,3
DA:52,3
DA:53,3
DA:58,6
DA:62,7
DA:63,1
DA:64,2
DA:66,1
DA:71,2
DA:72,2
DA:73,10
DA:74,6
LF:38
LH:37
end_of_record
SF:lib\features\auth\application\providers\biometric_auth_available_provider.dart
DA:8,10
DA:9,5
DA:14,4
DA:16,12
DA:17,3
DA:19,1
DA:20,1
DA:21,4
LF:8
LH:8
end_of_record
SF:lib\features\auth\infrastructure\providers\auth_repository_provider.dart
DA:4,9
DA:5,0
LF:2
LH:1
end_of_record
SF:lib\features\auth\infrastructure\providers\biometric_auth_repository_provider.dart
DA:4,12
DA:5,8
LF:2
LH:2
end_of_record
SF:lib\shared\application\providers\storage_service_provider.dart
DA:4,3
LF:1
LH:1
end_of_record
SF:lib\features\auth\application\use_cases\biometric_sign_in.dart
DA:8,1
DA:10,1
DA:11,2
DA:14,2
LF:4
LH:4
end_of_record
SF:lib\features\auth\application\use_cases\create_account.dart
DA:6,1
DA:8,1
DA:9,2
LF:3
LH:3
end_of_record
SF:lib\features\auth\application\use_cases\sign_in.dart
DA:6,1
DA:8,1
DA:9,2
LF:3
LH:3
end_of_record
SF:lib\features\auth\application\use_cases\sign_out.dart
DA:5,1
DA:7,1
DA:8,2
LF:3
LH:3
end_of_record
SF:lib\features\auth\domain\entities\opm_user.dart
DA:7,9
DA:9,18
DA:11,0
DA:12,0
LF:4
LH:2
end_of_record
SF:lib\features\auth\presentation\pages\create_account_page.dart
DA:7,2
DA:9,2
DA:11,2
DA:12,2
DA:13,4
DA:14,2
DA:15,2
DA:22,2
DA:24,2
DA:26,2
DA:27,2
DA:28,2
DA:29,2
DA:30,2
DA:31,2
DA:39,2
DA:41,2
DA:43,2
DA:44,2
DA:45,2
DA:46,2
DA:47,2
DA:48,4
LF:23
LH:23
end_of_record
SF:lib\features\auth\presentation\widgets\register_form.dart
DA:19,2
DA:21,2
DA:22,2
DA:29,2
DA:31,2
DA:32,2
DA:33,2
DA:34,2
DA:35,2
DA:36,2
DA:38,2
DA:39,2
DA:40,2
DA:41,0
DA:42,0
DA:47,2
DA:48,2
DA:51,2
DA:52,4
DA:54,8
DA:56,2
DA:59,6
DA:62,2
DA:64,2
DA:66,1
DA:67,5
DA:68,1
DA:71,1
DA:72,3
DA:76,2
DA:80,2
DA:82,1
DA:83,5
DA:84,1
DA:87,1
DA:88,3
DA:92,2
DA:95,2
DA:96,4
DA:97,4
DA:98,7
DA:99,1
DA:100,6
DA:102,1
DA:104,2
DA:105,2
DA:106,0
DA:107,2
DA:110,2
DA:113,2
DA:114,2
DA:115,2
DA:117,2
DA:119,2
DA:130,1
DA:131,3
DA:133,3
DA:134,1
DA:136,2
DA:137,1
DA:140,3
DA:141,1
DA:144,2
DA:146,1
DA:147,2
DA:148,1
DA:149,1
DA:150,2
DA:154,0
DA:155,0
DA:158,1
DA:159,2
DA:160,1
LF:73
LH:68
end_of_record
SF:lib\features\auth\presentation\pages\sign_in_page.dart
DA:7,5
DA:9,3
DA:11,3
DA:12,3
DA:13,6
DA:14,3
DA:15,2
DA:22,3
DA:24,3
DA:26,3
DA:27,3
DA:28,3
DA:29,3
DA:31,6
DA:39,2
DA:41,2
DA:43,2
DA:44,2
DA:45,2
DA:46,2
DA:48,2
LF:21
LH:21
end_of_record
SF:lib\features\auth\presentation\widgets\sign_in_form.dart
DA:28,3
DA:30,3
DA:31,3
DA:38,3
DA:40,3
DA:42,3
DA:43,3
DA:44,3
DA:45,3
DA:46,3
DA:47,3
DA:49,3
DA:50,3
DA:51,3
DA:53,0
DA:57,3
DA:58,3
DA:61,3
DA:62,6
DA:64,12
DA:66,3
DA:69,9
DA:72,3
DA:74,3
DA:76,3
DA:77,3
DA:78,1
DA:79,3
DA:82,3
DA:86,3
DA:87,3
DA:89,2
DA:91,2
DA:102,1
DA:103,3
DA:105,2
DA:106,1
DA:109,3
DA:110,3
DA:111,1
DA:114,1
DA:115,1
DA:116,1
DA:119,1
DA:120,5
DA:122,1
DA:124,3
DA:125,3
DA:128,3
DA:130,1
DA:131,2
DA:132,1
DA:133,1
DA:134,2
DA:138,1
DA:139,3
DA:142,1
DA:143,2
DA:144,1
DA:150,3
DA:151,12
DA:152,4
DA:154,4
DA:157,3
DA:158,3
DA:160,1
DA:161,1
DA:165,1
DA:166,5
DA:168,3
DA:169,2
DA:171,1
DA:172,2
DA:173,1
DA:174,1
DA:175,2
DA:178,1
DA:179,2
DA:180,1
DA:181,2
DA:188,1
DA:189,3
DA:190,3
DA:193,1
DA:196,1
DA:199,1
DA:200,2
DA:201,1
DA:204,1
DA:205,3
DA:206,2
DA:210,0
DA:211,0
DA:212,0
DA:213,0
LF:95
LH:90
end_of_record
SF:lib\features\vault\presentation\widgets\strength_indicator.dart
DA:8,6
DA:10,6
DA:12,6
DA:13,6
DA:14,10
DA:41,12
DA:43,6
DA:44,0
DA:45,6
DA:46,6
DA:47,6
DA:49,6
DA:50,6
DA:53,6
DA:54,6
DA:55,12
DA:56,6
DA:60,18
DA:64,30
DA:73,6
DA:75,18
DA:80,16
DA:81,13
DA:84,16
DA:85,18
DA:86,13
DA:89,17
LF:27
LH:26
end_of_record
SF:lib\shared\presentation\buttons\loading_button.dart
DA:9,2
DA:11,2
DA:12,2
DA:14,1
DA:15,1
DA:17,2
DA:19,2
DA:20,2
DA:21,0
DA:22,2
DA:24,2
DA:26,6
DA:29,4
DA:31,1
DA:32,0
DA:33,1
DA:35,1
DA:37,3
DA:40,2
LF:19
LH:17
end_of_record
SF:lib\shared\presentation\buttons\primary_button.dart
DA:11,17
DA:20,17
DA:22,17
DA:23,17
DA:24,17
DA:25,25
DA:26,34
DA:29,17
DA:30,0
LF:9
LH:8
end_of_record
SF:lib\shared\presentation\buttons\secondary_button.dart
DA:11,17
DA:20,17
DA:22,17
DA:23,17
DA:24,27
DA:25,17
DA:26,34
DA:29,17
DA:30,4
LF:9
LH:9
end_of_record
SF:lib\shared\presentation\inputs\email_form_field.dart
DA:6,4
DA:8,4
DA:10,4
DA:18,3
DA:19,3
DA:21,3
DA:22,3
LF:7
LH:7
end_of_record
SF:lib\shared\presentation\inputs\password_form_field.dart
DA:11,4
DA:13,4
DA:14,4
DA:20,4
DA:22,4
DA:23,8
DA:25,12
DA:26,12
DA:27,4
DA:29,4
DA:32,4
DA:33,4
DA:34,1
DA:35,4
DA:40,3
DA:41,3
DA:43,6
DA:44,3
DA:47,3
DA:48,9
LF:20
LH:20
end_of_record
SF:lib\shared\utils\navigation_service.dart
DA:5,3
DA:6,6
DA:7,3
DA:8,3
DA:9,3
DA:10,3
DA:22,2
DA:26,4
DA:27,2
DA:28,2
DA:29,2
DA:30,2
DA:43,1
DA:44,2
DA:45,1
DA:46,1
DA:47,1
DA:48,1
DA:57,1
DA:62,6
DA:63,12
DA:64,12
DA:68,6
DA:76,6
DA:79,12
DA:81,12
LF:26
LH:26
end_of_record
SF:lib\shared\utils\toast_service.dart
DA:5,4
DA:6,8
DA:7,4
DA:9,8
DA:14,3
DA:15,6
DA:16,3
DA:18,6
LF:8
LH:8
end_of_record
SF:lib\features\vault\application\providers\all_entries_provider.dart
DA:11,33
DA:16,10
DA:18,20
DA:20,30
DA:21,8
DA:23,8
DA:24,0
DA:25,0
DA:26,0
DA:30,18
DA:31,18
LF:11
LH:8
end_of_record
SF:lib\features\vault\presentation\pages\vault_list_page.dart
DA:16,3
DA:18,2
DA:19,2
DA:23,2
DA:25,6
DA:27,2
DA:28,2
DA:29,8
DA:30,0
DA:31,2
DA:32,2
DA:33,6
DA:35,2
DA:36,2
DA:37,2
DA:39,2
DA:41,2
DA:43,4
DA:45,2
DA:51,2
DA:52,6
DA:53,6
DA:55,2
DA:57,0
DA:58,0
DA:59,0
DA:60,0
DA:61,0
DA:63,2
DA:65,0
LF:30
LH:23
end_of_record
SF:lib\features\settings\infrastructure\providers\settings_provider.dart
DA:4,18
DA:7,6
DA:9,6
DA:12,4
DA:13,4
LF:5
LH:5
end_of_record
SF:lib\shared\application\providers\crypto_service_provider.dart
DA:4,3
LF:1
LH:1
end_of_record
SF:lib\shared\application\providers\opm_user_provider.dart
DA:4,27
DA:9,9
DA:11,9
DA:14,1
DA:15,1
LF:5
LH:5
end_of_record
SF:lib\shared\utils\dialog_service.dart
DA:13,4
DA:14,4
DA:16,4
DA:18,9
DA:19,9
DA:21,4
DA:24,4
DA:29,4
DA:30,4
DA:31,4
DA:42,2
DA:43,2
DA:45,2
DA:46,3
DA:47,6
DA:49,2
DA:52,2
DA:57,2
DA:58,2
DA:59,2
DA:70,2
DA:71,2
DA:73,2
DA:74,6
DA:75,6
DA:77,2
DA:80,2
DA:85,2
DA:86,2
DA:87,2
DA:98,1
DA:99,1
DA:100,1
DA:101,3
DA:103,1
DA:104,1
DA:106,1
DA:107,3
DA:108,1
DA:109,2
DA:110,3
DA:114,1
DA:117,1
DA:122,1
DA:123,1
DA:124,1
DA:126,1
DA:128,1
DA:130,1
DA:131,1
DA:135,4
DA:148,1
DA:163,5
DA:169,5
DA:171,5
DA:172,5
DA:173,5
DA:174,5
DA:175,5
DA:177,5
DA:178,5
DA:179,5
DA:180,0
DA:181,0
DA:185,5
DA:186,0
DA:187,0
DA:192,5
LF:68
LH:64
end_of_record
SF:lib\shared\utils\log_service.dart
DA:7,1
DA:9,1
DA:10,0
DA:12,3
DA:13,3
LF:5
LH:4
end_of_record
SF:lib\features\settings\domain\entities\settings.dart
DA:11,7
DA:18,7
DA:19,7
DA:20,7
DA:21,7
DA:26,5
DA:32,5
DA:33,4
DA:34,4
DA:35,4
DA:36,2
DA:40,0
DA:41,0
DA:42,0
DA:43,0
DA:44,0
DA:47,0
DA:48,0
DA:49,0
DA:50,0
DA:51,0
DA:54,0
DA:55,0
DA:57,0
DA:58,0
DA:59,0
DA:60,0
DA:61,0
DA:62,0
LF:29
LH:11
end_of_record
SF:lib\features\settings\infrastructure\providers\settings_repository_provider.dart
DA:4,9
LF:1
LH:1
end_of_record
SF:lib\features\vault\application\providers\active_folder_provider.dart
DA:4,9
DA:7,3
DA:12,1
DA:13,1
LF:4
LH:4
end_of_record
SF:lib\features\vault\application\providers\add_edit_mode_active_provider.dart
DA:4,10
DA:5,5
DA:8,5
DA:13,3
DA:14,3
LF:5
LH:5
end_of_record
SF:lib\shared\application\providers\loading_text_state_provider.dart
DA:4,21
DA:7,7
DA:12,1
DA:13,1
LF:4
LH:4
end_of_record
SF:lib\features\vault\application\use_cases\get_all_entries.dart
DA:7,8
DA:9,8
DA:10,16
LF:3
LH:3
end_of_record
SF:lib\features\vault\infrastructure\providers\vault_provider.dart
DA:4,33
DA:5,10
LF:2
LH:2
end_of_record
SF:lib\shared\application\providers\loading_value_state_provider.dart
DA:4,27
DA:9,9
DA:14,1
DA:15,1
LF:4
LH:4
end_of_record
SF:lib\features\vault\application\providers\all_entry_folders_provider.dart
DA:8,24
DA:13,8
DA:16,32
DA:18,4
DA:19,8
DA:20,8
DA:21,4
DA:22,9
DA:26,4
DA:27,16
DA:28,4
DA:30,16
DA:34,6
DA:38,0
DA:39,0
DA:40,0
DA:42,0
DA:44,0
LF:18
LH:13
end_of_record
SF:lib\features\vault\domain\entities\folder.dart
DA:6,8
LF:1
LH:1
end_of_record
SF:lib\features\vault\application\providers\filter_query_provider.dart
DA:4,15
DA:9,5
DA:14,1
DA:15,1
LF:4
LH:4
end_of_record
SF:lib\features\vault\application\providers\has_changes_provider.dart
DA:3,18
DA:8,6
DA:13,6
DA:14,6
LF:4
LH:4
end_of_record
SF:lib\features\vault\application\providers\selected_entry_provider.dart
DA:5,18
DA:10,6
DA:15,4
DA:16,4
LF:4
LH:4
end_of_record
SF:lib\features\vault\application\use_cases\add_entry.dart
DA:7,2
DA:9,2
DA:10,4
LF:3
LH:3
end_of_record
SF:lib\features\vault\application\use_cases\delete_entry.dart
DA:6,1
DA:8,1
DA:9,2
LF:3
LH:3
end_of_record
SF:lib\features\vault\application\use_cases\edit_entry.dart
DA:7,2
DA:9,2
DA:10,4
LF:3
LH:3
end_of_record
SF:lib\features\vault\application\use_cases\export_vault.dart
DA:8,1
DA:10,1
DA:11,2
DA:13,1
DA:14,2
DA:15,1
DA:16,2
LF:7
LH:7
end_of_record
SF:lib\features\vault\application\use_cases\generate_password.dart
DA:6,1
DA:8,1
DA:15,2
LF:3
LH:3
end_of_record
SF:lib\features\vault\application\use_cases\import_vault.dart
DA:9,1
DA:11,1
DA:13,1
DA:16,1
DA:17,2
DA:18,2
DA:19,1
DA:20,2
DA:21,2
DA:22,1
DA:23,2
DA:24,2
DA:25,1
DA:26,2
DA:27,2
DA:28,1
DA:29,2
DA:30,2
DA:31,1
DA:32,1
DA:33,0
DA:34,0
DA:37,2
DA:38,2
DA:43,0
DA:46,2
DA:47,2
DA:55,2
DA:57,2
DA:59,2
DA:61,2
DA:63,2
DA:65,2
DA:67,2
LF:34
LH:31
end_of_record
SF:lib\features\vault\domain\exceptions\export_exception.dart
DA:4,0
LF:1
LH:0
end_of_record
SF:lib\features\vault\infrastructure\providers\export_repository_provider.dart
DA:4,3
DA:5,0
LF:2
LH:1
end_of_record
SF:lib\features\vault\infrastructure\providers\import_repository_provider.dart
DA:4,3
DA:5,0
LF:2
LH:1
end_of_record
SF:lib\features\vault\infrastructure\providers\password_generator_provider.dart
DA:4,2
DA:5,1
LF:2
LH:2
end_of_record
SF:lib\features\vault\presentation\pages\add_edit_vault_entry_page.dart
DA:15,4
DA:17,4
DA:19,4
DA:21,1
DA:23,0
DA:25,4
DA:26,4
DA:27,4
DA:29,4
DA:30,4
DA:31,2
DA:32,0
DA:41,0
DA:42,0
DA:43,0
DA:47,0
DA:49,0
DA:54,0
DA:55,0
DA:56,0
DA:57,0
DA:61,1
DA:62,2
DA:63,2
LF:24
LH:13
end_of_record
SF:lib\features\vault\presentation\widgets\add_edit_form.dart
DA:26,6
DA:28,6
DA:29,6
DA:43,6
DA:45,6
DA:46,29
DA:47,29
DA:48,29
DA:49,34
DA:50,29
DA:51,12
DA:53,50
DA:57,6
DA:59,18
DA:60,30
DA:61,24
DA:62,0
DA:63,0
DA:69,0
DA:71,0
DA:72,0
DA:73,0
DA:75,0
DA:76,0
DA:77,0
DA:78,0
DA:79,0
DA:80,0
DA:81,0
DA:84,0
DA:88,6
DA:90,6
DA:92,12
DA:93,12
DA:94,12
DA:95,12
DA:96,12
DA:98,6
DA:101,6
DA:103,6
DA:104,6
DA:105,6
DA:106,6
DA:109,6
DA:110,6
DA:111,6
DA:112,6
DA:115,6
DA:117,6
DA:118,6
DA:119,6
DA:123,6
DA:124,6
DA:125,6
DA:128,6
DA:129,6
DA:131,6
DA:132,6
DA:135,6
DA:138,0
DA:139,0
DA:142,0
DA:143,0
DA:144,0
DA:145,0
DA:153,6
DA:156,6
DA:158,6
DA:159,0
DA:160,0
DA:167,6
DA:168,6
DA:175,6
DA:176,6
DA:181,6
DA:184,6
DA:185,6
DA:186,6
DA:187,6
DA:188,6
DA:189,6
DA:192,6
DA:193,6
DA:194,6
DA:195,6
DA:196,6
DA:197,12
DA:198,6
DA:199,6
DA:200,6
DA:201,6
DA:202,12
DA:203,18
DA:204,6
DA:205,12
DA:209,12
DA:210,12
DA:212,0
DA:213,0
DA:215,0
DA:219,0
DA:221,0
DA:222,0
DA:228,6
DA:230,6
DA:236,6
DA:239,6
DA:240,18
DA:241,3
DA:243,3
DA:246,3
DA:247,3
DA:251,12
DA:252,12
DA:261,2
DA:263,4
DA:266,2
DA:267,2
DA:270,4
DA:271,4
DA:272,4
DA:273,3
DA:274,4
DA:275,5
DA:278,3
DA:279,3
DA:280,3
DA:281,3
DA:282,3
DA:283,4
DA:289,3
DA:290,9
DA:291,3
DA:292,3
DA:293,21
DA:294,6
DA:295,13
DA:296,3
DA:297,6
DA:298,6
DA:299,6
DA:300,3
DA:301,9
DA:302,9
DA:303,3
DA:304,6
DA:305,18
DA:308,9
DA:311,14
DA:312,2
DA:313,4
DA:315,15
DA:316,9
DA:320,3
DA:321,9
DA:322,3
DA:324,6
DA:326,3
DA:327,10
DA:328,10
DA:329,6
DA:334,2
DA:335,12
DA:338,6
DA:339,18
DA:340,18
DA:341,18
DA:342,18
DA:343,18
DA:348,6
DA:349,18
DA:350,18
DA:351,18
DA:352,18
DA:353,18
DA:356,0
DA:357,0
DA:360,0
DA:363,0
DA:367,6
DA:368,12
DA:370,6
DA:372,6
DA:375,24
DA:376,4
DA:377,5
LF:186
LH:154
end_of_record
SF:lib\shared\presentation\responsive_app_frame.dart
DA:21,8
DA:32,8
DA:37,8
DA:38,8
DA:44,8
DA:46,8
DA:47,8
DA:48,32
DA:50,8
DA:51,8
DA:54,8
DA:55,10
DA:56,3
DA:57,3
DA:58,3
DA:61,1
DA:62,1
DA:65,2
DA:70,10
DA:71,3
DA:72,3
DA:73,3
DA:74,1
DA:75,3
DA:78,0
DA:81,1
DA:82,3
DA:83,4
DA:89,8
DA:90,8
DA:91,8
DA:95,8
DA:96,8
DA:97,37
DA:101,28
DA:103,26
LF:36
LH:35
end_of_record
SF:lib\features\vault\presentation\pages\vault_entry_detail_page.dart
DA:11,2
DA:13,2
DA:15,2
DA:16,4
DA:17,2
DA:19,4
DA:21,4
LF:7
LH:7
end_of_record
SF:lib\features\vault\presentation\widgets\edit_entry_button.dart
DA:12,3
DA:14,2
DA:16,2
DA:17,0
DA:18,2
DA:19,1
DA:20,1
DA:22,1
DA:23,1
DA:24,0
DA:28,2
LF:11
LH:9
end_of_record
SF:lib\features\vault\presentation\widgets\vault_entry_details.dart
DA:13,4
DA:15,4
DA:17,4
DA:18,12
DA:19,12
DA:21,4
DA:22,4
DA:23,4
DA:24,4
DA:25,4
DA:26,4
DA:28,16
DA:32,4
DA:33,4
DA:34,4
DA:37,4
DA:38,12
DA:39,4
DA:41,8
DA:44,16
DA:45,4
DA:47,8
DA:51,12
DA:53,12
DA:54,4
DA:56,12
DA:59,12
DA:60,4
DA:62,8
DA:65,12
DA:70,4
DA:71,4
DA:72,4
DA:74,4
DA:75,4
DA:78,12
DA:80,4
DA:83,12
LF:38
LH:38
end_of_record
SF:lib\features\vault\presentation\widgets\add_entry_button.dart
DA:9,3
DA:11,3
DA:13,3
DA:14,0
DA:15,3
DA:16,1
DA:17,1
DA:19,1
DA:20,0
DA:24,3
LF:10
LH:8
end_of_record
SF:lib\features\vault\presentation\widgets\desktop\vault_list_desktop.dart
DA:27,3
DA:29,3
DA:31,6
DA:32,6
DA:34,3
DA:36,3
DA:37,12
DA:38,3
DA:39,3
DA:40,3
DA:41,3
DA:42,3
DA:43,2
DA:44,2
DA:48,2
DA:49,4
DA:50,2
DA:51,4
DA:52,2
DA:54,5
DA:60,3
DA:61,3
DA:62,6
DA:63,2
DA:69,3
DA:70,1
DA:71,1
DA:72,1
DA:74,1
DA:76,2
DA:77,2
DA:79,1
DA:80,2
DA:84,1
DA:85,1
DA:87,2
DA:88,2
DA:89,2
DA:94,3
DA:95,3
DA:96,3
DA:100,3
DA:102,3
DA:106,3
DA:112,1
DA:113,2
DA:115,4
DA:117,4
DA:120,1
DA:121,4
DA:123,2
DA:125,4
DA:128,1
DA:129,4
DA:131,4
DA:134,1
DA:135,6
DA:138,1
DA:139,2
DA:140,1
DA:141,2
DA:142,2
DA:143,2
DA:146,2
DA:147,1
DA:148,1
DA:150,4
DA:151,2
DA:154,1
DA:155,1
DA:157,1
DA:158,2
DA:159,1
DA:160,2
DA:162,2
DA:163,4
DA:164,2
LF:77
LH:77
end_of_record
SF:lib\features\vault\presentation\widgets\mobile\vault_list_mobile.dart
DA:14,3
DA:16,3
DA:18,6
DA:20,3
DA:22,3
DA:24,3
DA:25,1
DA:26,4
DA:27,1
DA:28,1
DA:30,3
DA:31,3
DA:32,3
DA:33,2
DA:34,2
DA:38,2
DA:39,2
DA:40,4
DA:41,2
DA:42,4
DA:43,2
LF:21
LH:21
end_of_record
SF:lib\shared\presentation\loading.dart
DA:12,6
DA:14,6
DA:16,6
DA:18,6
DA:21,6
DA:22,14
DA:23,6
DA:25,24
LF:8
LH:8
end_of_record
SF:lib\shared\presentation\buttons\glyph_button.dart
DA:13,20
DA:23,16
DA:30,16
DA:40,5
DA:47,5
DA:57,20
DA:60,20
DA:61,20
DA:62,11
DA:63,11
DA:65,11
DA:66,22
DA:67,11
DA:69,19
DA:70,16
DA:71,16
DA:73,16
DA:74,32
DA:75,16
DA:77,5
DA:78,5
DA:79,5
DA:81,5
DA:82,10
DA:83,5
DA:87,20
DA:88,18
LF:27
LH:27
end_of_record
SF:lib\shared\presentation\sheets\password_generator_sheet.dart
DA:15,1
DA:17,1
DA:18,1
DA:29,1
DA:30,1
DA:31,1
DA:32,1
DA:33,1
DA:34,1
DA:35,4
DA:38,1
DA:40,1
DA:41,3
DA:42,1
DA:46,1
DA:48,2
DA:49,1
DA:52,1
DA:54,1
DA:58,1
DA:59,1
DA:60,1
DA:65,3
DA:67,1
DA:74,5
DA:78,1
DA:79,1
DA:80,1
DA:82,1
DA:85,1
DA:86,1
DA:87,1
DA:89,3
DA:91,1
DA:92,1
DA:95,1
DA:96,1
DA:97,1
DA:98,3
DA:99,3
DA:101,1
DA:105,0
DA:106,0
DA:108,0
DA:111,1
DA:112,1
DA:113,1
DA:114,1
DA:115,1
DA:117,1
DA:120,1
DA:121,1
DA:122,1
DA:123,1
DA:124,1
DA:126,1
DA:129,1
DA:130,1
DA:131,1
DA:132,1
DA:133,1
DA:135,1
DA:138,1
DA:139,1
DA:140,1
DA:141,1
DA:142,1
DA:144,1
DA:147,1
DA:148,1
DA:150,1
DA:152,3
DA:157,1
DA:158,1
DA:162,1
DA:163,1
DA:166,1
DA:168,0
DA:181,1
DA:182,1
DA:183,2
DA:184,2
DA:189,3
DA:190,1
DA:192,1
DA:193,1
DA:194,1
DA:195,1
DA:196,1
DA:197,2
DA:200,2
DA:201,2
LF:92
LH:88
end_of_record
SF:lib\features\vault\presentation\widgets\empty_list.dart
DA:8,3
DA:10,3
DA:12,3
DA:15,3
DA:16,3
DA:17,3
DA:18,9
DA:21,3
LF:8
LH:8
end_of_record
SF:lib\features\vault\presentation\widgets\vault_entry_actions.dart
DA:12,2
DA:20,2
DA:22,2
DA:24,2
DA:25,2
DA:26,2
DA:28,2
DA:31,2
DA:32,2
DA:34,2
DA:37,2
DA:38,2
DA:39,2
DA:41,2
LF:14
LH:14
end_of_record
SF:lib\features\vault\presentation\widgets\vault_list_actions.dart
DA:12,4
DA:14,4
DA:16,4
DA:18,4
DA:19,4
DA:22,4
DA:23,4
DA:26,4
DA:27,4
DA:29,0
DA:30,0
DA:33,0
LF:12
LH:9
end_of_record
SF:lib\features\vault\presentation\widgets\vault_list_entry.dart
DA:44,4
DA:51,4
DA:55,4
DA:56,16
DA:58,1
DA:59,1
DA:61,1
DA:62,1
DA:64,2
DA:65,6
DA:66,4
DA:67,2
DA:68,4
DA:69,4
DA:70,4
DA:72,12
DA:73,7
DA:74,4
DA:79,4
DA:80,8
DA:81,12
DA:85,12
DA:87,4
DA:88,8
DA:89,12
DA:93,28
DA:94,4
DA:95,3
DA:96,3
DA:97,0
DA:98,0
DA:105,2
DA:106,2
DA:107,3
DA:109,2
DA:113,4
DA:114,0
DA:115,10
DA:117,0
DA:122,1
DA:123,1
DA:125,1
DA:130,0
DA:131,0
DA:136,0
DA:143,0
DA:144,0
DA:145,0
DA:146,0
DA:147,0
DA:148,0
DA:149,0
DA:150,0
DA:151,0
DA:152,0
DA:153,0
DA:154,0
DA:155,0
DA:156,0
DA:157,0
DA:158,0
DA:162,0
DA:163,0
DA:165,0
DA:166,0
DA:170,0
DA:171,0
DA:173,0
DA:176,0
DA:179,0
DA:180,0
DA:183,0
DA:186,0
DA:187,0
DA:190,0
DA:191,0
DA:195,2
DA:196,2
DA:199,8
DA:200,12
DA:203,1
DA:204,1
DA:207,1
DA:208,1
DA:210,1
DA:212,0
DA:213,0
DA:220,0
DA:221,0
DA:224,0
DA:225,0
DA:227,0
DA:228,0
DA:229,0
DA:231,0
DA:232,0
DA:233,0
DA:238,2
DA:239,4
DA:240,4
DA:244,0
DA:246,0
DA:251,8
DA:252,8
LF:104
LH:52
end_of_record
SF:lib\features\vault\presentation\widgets\vault_search_field.dart
DA:7,5
DA:9,5
DA:10,5
DA:16,5
DA:18,5
DA:19,10
DA:20,11
DA:21,7
DA:22,2
DA:25,15
DA:26,25
DA:27,10
DA:31,5
DA:33,10
DA:34,5
DA:37,5
DA:39,15
DA:41,1
DA:44,1
DA:45,2
DA:47,1
DA:50,5
DA:51,5
DA:53,5
LF:24
LH:24
end_of_record
SF:lib\shared\presentation\separator.dart
DA:8,3
DA:10,6
DA:11,0
DA:13,3
DA:15,3
DA:16,3
DA:18,6
DA:20,0
DA:22,0
LF:9
LH:6
end_of_record
SF:lib\features\vault\presentation\widgets\favicon.dart
DA:11,4
DA:13,4
DA:14,4
DA:18,4
DA:20,4
DA:23,4
DA:24,4
DA:27,12
DA:32,0
DA:34,0
DA:40,0
DA:46,0
DA:49,0
DA:51,0
DA:54,0
DA:59,4
DA:60,12
DA:62,4
DA:63,0
LF:19
LH:11
end_of_record
SF:lib\shared\application\providers\show_search_field_provider.dart
DA:3,12
DA:8,4
DA:13,2
DA:14,2
LF:4
LH:4
end_of_record
SF:lib\shared\presentation\inputs\plain_text_form_field.dart
DA:18,5
DA:29,4
DA:37,4
DA:48,5
DA:49,5
DA:55,5
DA:57,35
DA:61,5
DA:62,10
DA:63,10
DA:64,15
DA:65,3
DA:67,20
DA:68,10
DA:69,10
DA:71,15
DA:72,10
DA:73,5
DA:74,5
DA:76,5
DA:77,5
DA:78,5
DA:79,5
DA:83,15
DA:84,15
DA:85,10
DA:87,5
DA:88,20
DA:90,5
DA:91,5
DA:92,10
DA:93,5
DA:96,5
DA:98,1
DA:99,6
DA:101,1
DA:102,4
DA:108,10
DA:109,5
DA:112,5
DA:113,5
DA:114,1
DA:115,2
DA:116,2
LF:44
LH:44
end_of_record
SF:lib\shared\presentation\sheets\folder_sheet.dart
DA:14,1
DA:16,1
DA:17,1
DA:21,1
DA:23,1
DA:25,3
DA:27,3
DA:31,1
DA:33,3
DA:34,3
DA:36,1
DA:37,1
DA:38,1
DA:40,1
DA:41,2
DA:43,3
DA:44,1
DA:49,5
DA:51,2
DA:52,2
DA:53,3
DA:55,1
DA:56,2
DA:57,3
DA:59,1
DA:60,1
DA:61,0
DA:63,6
DA:68,1
DA:70,3
DA:71,0
DA:74,1
DA:79,1
DA:80,1
DA:81,1
DA:87,1
DA:88,3
DA:90,1
DA:92,1
DA:95,5
LF:40
LH:38
end_of_record
SF:lib\features\vault\presentation\widgets\vault_list_entry_popup.dart
DA:10,4
DA:16,4
DA:18,4
DA:19,0
DA:20,4
DA:22,4
DA:23,4
DA:24,8
DA:25,4
DA:26,12
DA:30,12
DA:31,4
DA:32,2
DA:37,4
LF:14
LH:13
end_of_record
SF:lib\shared\infrastructure\providers\clipboard_repository_provider.dart
DA:4,3
DA:5,0
LF:2
LH:1
end_of_record
SF:lib\shared\utils\popup_service.dart
DA:5,2
DA:11,6
DA:14,2
DA:16,2
DA:17,4
DA:18,2
DA:19,6
DA:23,6
DA:24,2
DA:25,2
DA:26,2
DA:27,8
DA:28,8
LF:13
LH:13
end_of_record
SF:lib\shared\application\services\crypto_service.dart
DA:6,0
DA:8,0
DA:9,0
DA:12,0
DA:13,0
DA:16,0
DA:17,0
LF:7
LH:0
end_of_record
SF:lib\shared\application\providers\file_picker_service_provider.dart
DA:4,6
LF:1
LH:1
end_of_record
SF:lib\shared\application\services\file_picker_service.dart
DA:7,0
DA:9,0
DA:10,0
LF:3
LH:0
end_of_record
SF:lib\shared\application\services\storage_service.dart
DA:9,0
DA:11,0
DA:12,0
DA:15,0
DA:16,0
DA:19,0
DA:20,0
DA:23,0
DA:24,0
DA:27,0
DA:28,0
LF:11
LH:0
end_of_record
SF:lib\shared\application\services\crypto_service_impl.dart
DA:23,1
DA:26,1
DA:27,1
DA:28,0
DA:31,2
DA:34,5
DA:35,1
DA:38,1
DA:39,1
DA:43,1
DA:44,2
DA:47,1
DA:48,2
DA:51,1
DA:54,1
DA:56,2
DA:59,2
DA:60,1
DA:61,1
DA:63,1
DA:66,2
DA:68,2
DA:72,1
DA:75,2
DA:76,2
DA:81,1
DA:82,2
DA:83,1
DA:84,3
DA:86,1
DA:90,1
DA:91,1
DA:92,2
DA:93,4
DA:94,2
DA:95,1
DA:96,4
DA:97,2
DA:98,5
DA:99,1
DA:102,1
DA:103,1
DA:104,1
DA:105,1
DA:106,2
DA:107,4
DA:108,1
DA:109,1
DA:112,1
DA:113,1
DA:116,1
DA:117,1
DA:120,1
DA:124,3
DA:125,2
DA:126,3
DA:129,1
DA:130,1
DA:131,2
DA:132,1
DA:133,2
DA:134,4
DA:136,2
DA:137,1
LF:64
LH:63
end_of_record
SF:lib\shared\domain\exceptions\crypto_service_exception.dart
DA:4,0
LF:1
LH:0
end_of_record
SF:lib\shared\application\services\file_picker_service_impl.dart
DA:4,0
DA:5,0
DA:7,0
LF:3
LH:0
end_of_record
SF:lib\shared\application\services\storage_service_impl.dart
DA:8,0
DA:10,0
DA:18,0
DA:19,0
DA:22,0
DA:23,0
DA:26,0
DA:27,0
DA:28,0
DA:31,0
DA:32,0
DA:35,0
DA:36,0
DA:37,0
LF:14
LH:0
end_of_record
SF:lib\shared\domain\entities\crypto_utils.dart
DA:10,1
DA:12,2
DA:14,0
DA:15,0
DA:18,1
DA:19,1
DA:22,0
DA:23,0
DA:26,0
DA:27,0
LF:10
LH:4
end_of_record
SF:lib\shared\presentation\generic_error.dart
DA:6,0
DA:8,0
DA:10,0
DA:11,0
DA:13,0
DA:15,0
DA:16,0
DA:18,0
DA:20,0
DA:23,0
DA:25,0
DA:29,0
DA:31,0
LF:13
LH:0
end_of_record
SF:lib\shared\presentation\user_menu.dart
DA:26,9
DA:28,9
DA:30,9
DA:31,9
DA:32,1
DA:33,1
DA:34,1
DA:35,5
DA:37,1
DA:39,1
DA:44,1
DA:45,2
DA:46,1
DA:47,1
DA:50,2
DA:52,1
DA:53,1
DA:54,2
DA:56,1
DA:57,1
DA:58,1
DA:61,2
DA:64,1
DA:65,1
DA:66,1
DA:69,2
DA:70,2
DA:74,1
DA:75,1
DA:76,1
DA:79,2
DA:80,1
DA:81,1
DA:89,54
DA:93,1
DA:99,2
DA:100,2
DA:102,1
DA:103,1
DA:105,1
DA:106,1
DA:109,0
DA:110,0
DA:111,0
DA:114,0
DA:115,0
DA:116,0
DA:122,1
DA:130,2
DA:131,2
DA:133,1
DA:134,1
DA:136,2
DA:137,1
DA:138,1
DA:141,0
DA:142,0
DA:143,0
DA:146,0
DA:147,0
DA:148,0
DA:154,2
LF:62
LH:50
end_of_record
SF:lib\shared\presentation\settings\biometric_auth_setting.dart
DA:10,3
DA:12,3
DA:14,6
DA:16,3
DA:19,3
DA:20,3
DA:21,3
DA:22,3
DA:23,9
DA:24,3
DA:25,1
DA:26,2
DA:27,2
DA:29,1
DA:30,2
DA:31,1
DA:32,4
DA:34,3
DA:37,3
DA:38,3
DA:41,3
DA:42,2
DA:43,1
DA:48,1
DA:49,1
DA:56,4
DA:57,2
DA:58,4
DA:60,4
DA:61,2
DA:62,4
LF:31
LH:31
end_of_record
SF:lib\shared\presentation\settings\color_scheme_setting.dart
DA:10,3
DA:12,3
DA:14,3
DA:17,3
DA:18,12
DA:19,3
DA:22,3
DA:23,9
DA:24,9
DA:26,6
DA:27,12
DA:29,9
DA:30,1
DA:31,2
DA:32,1
DA:33,1
DA:34,1
DA:37,4
DA:38,3
DA:45,6
DA:46,9
DA:47,9
DA:48,9
DA:49,9
DA:50,9
DA:51,9
DA:52,9
DA:53,9
DA:54,9
DA:55,9
DA:56,9
DA:59,3
DA:60,6
DA:61,3
DA:62,3
DA:63,3
DA:71,3
DA:73,3
DA:74,9
LF:39
LH:39
end_of_record
SF:lib\shared\presentation\settings\theme_mode_setting.dart
DA:9,3
DA:11,3
DA:13,3
DA:16,3
DA:17,12
DA:18,3
DA:21,9
DA:22,3
DA:23,12
DA:25,9
DA:26,1
DA:27,2
DA:28,1
DA:30,4
DA:31,3
DA:38,3
DA:39,9
DA:40,12
LF:18
LH:18
end_of_record
SF:lib\shared\presentation\sheet.dart
DA:19,7
DA:32,7
DA:34,7
DA:35,7
DA:36,7
DA:37,7
DA:38,7
DA:39,7
DA:40,14
DA:41,19
DA:42,7
DA:43,7
DA:44,5
DA:45,5
DA:46,5
DA:47,2
DA:49,7
DA:50,7
DA:51,7
DA:52,12
DA:56,7
DA:62,6
DA:63,6
DA:64,10
DA:68,6
DA:69,6
DA:73,1
DA:74,1
DA:75,2
DA:79,1
DA:80,1
LF:31
LH:31
end_of_record
SF:lib\shared\presentation\sheets\export_sheet.dart
DA:11,2
DA:13,2
DA:14,2
DA:21,2
DA:23,2
DA:24,2
DA:29,2
DA:31,2
DA:32,2
DA:33,2
DA:37,8
DA:38,2
DA:39,10
DA:41,2
DA:42,4
DA:43,2
DA:47,3
DA:50,2
DA:52,4
DA:53,2
DA:56,8
DA:59,4
DA:60,2
LF:23
LH:23
end_of_record
SF:lib\shared\presentation\sheets\import_sheet.dart
DA:19,2
DA:21,2
DA:22,2
DA:34,2
DA:36,4
DA:37,2
DA:40,2
DA:42,2
DA:43,2
DA:46,2
DA:47,2
DA:48,2
DA:49,2
DA:51,2
DA:54,2
DA:55,2
DA:56,2
DA:60,2
DA:61,2
DA:63,6
DA:66,2
DA:68,2
DA:69,2
DA:71,2
DA:72,2
DA:74,4
DA:75,2
DA:76,2
DA:77,1
DA:78,2
DA:79,1
DA:80,1
DA:81,1
DA:88,2
DA:89,6
DA:90,6
DA:93,2
DA:94,2
DA:96,6
DA:99,2
DA:100,2
DA:104,6
DA:105,2
DA:106,8
DA:108,2
DA:109,4
DA:110,2
DA:114,2
DA:115,5
DA:118,2
DA:120,2
DA:122,2
DA:125,2
DA:126,2
DA:127,2
DA:130,2
DA:131,2
DA:132,2
DA:135,2
DA:136,2
DA:137,4
DA:141,2
DA:142,2
DA:144,6
DA:147,2
DA:149,2
DA:150,2
DA:152,2
DA:153,2
DA:155,4
DA:156,2
DA:157,2
DA:158,0
DA:159,0
DA:160,0
DA:161,0
DA:162,0
DA:169,2
DA:170,6
DA:171,6
DA:174,2
DA:175,5
DA:178,2
DA:182,2
DA:183,4
DA:184,1
DA:188,6
DA:190,12
DA:192,6
DA:198,2
DA:199,2
DA:200,4
DA:201,5
DA:203,4
DA:207,4
DA:208,4
DA:210,4
DA:211,4
DA:212,2
DA:213,2
DA:214,2
DA:215,4
DA:216,2
LF:103
LH:98
end_of_record
SF:lib\shared\presentation\sheets\settings_sheet.dart
DA:10,2
DA:12,2
DA:14,2
DA:19,2
DA:20,2
DA:22,2
DA:25,8
LF:7
LH:7
end_of_record
SF:lib\features\vault\infrastructure\repositories\password_generator_repository_impl.dart
DA:6,1
DA:7,1
DA:12,1
DA:16,1
DA:17,1
DA:18,1
DA:19,1
DA:20,1
DA:24,1
DA:32,1
DA:37,3
DA:39,1
DA:40,0
DA:51,1
DA:52,3
DA:53,1
DA:55,3
DA:57,1
DA:58,2
DA:61,1
DA:63,2
DA:65,2
DA:67,3
DA:68,1
DA:70,3
DA:73,2
DA:74,3
DA:75,1
DA:77,3
DA:82,2
DA:83,2
DA:90,2
DA:93,1
DA:100,2
DA:101,2
DA:107,2
DA:108,1
DA:114,2
DA:116,1
DA:123,2
DA:125,1
DA:127,1
DA:128,1
DA:132,1
DA:140,1
DA:146,1
DA:147,3
DA:148,1
DA:150,4
DA:152,1
DA:154,4
DA:156,1
DA:157,1
DA:158,1
DA:159,1
DA:161,1
DA:162,2
DA:163,1
DA:167,1
DA:168,1
DA:170,4
DA:173,1
DA:174,1
DA:176,4
DA:179,1
DA:180,1
DA:182,4
DA:186,1
DA:187,1
DA:188,1
DA:189,1
DA:195,1
LF:72
LH:71
end_of_record
SF:lib\shared\infrastructure\providers\cryptography_repository_provider.dart
DA:4,3
DA:5,0
LF:2
LH:1
end_of_record
SF:lib\shared\infrastructure\providers\crypto_utils_repository_provider.dart
DA:4,3
DA:5,0
LF:2
LH:1
end_of_record
